01:40:21 [INFO    ][deluge.configmanager:52  ] Setting config directory to: /config
01:40:23 [INFO    ][deluge.core.daemon            :94  ] Deluge daemon 2.0.3-2-201906121747-ubuntu18.04.1
01:40:23 [WARNING ][deluge.core.core              :337 ] Unable to load /config/session.state: [Errno 2] No such file or directory: '/config/session.state'
01:40:23 [WARNING ][deluge.core.core              :337 ] Unable to load /config/session.state.bak: [Errno 2] No such file or directory: '/config/session.state.bak'
01:40:23 [WARNING ][deluge.config                 :410 ] Unable to open config file /config/core.conf: [Errno 2] No such file or directory: '/config/core.conf'
01:40:23 [INFO    ][deluge.core.alertmanager      :148 ] Alert Queue Size set to 10000
01:40:23 [WARNING ][deluge.config                 :475 ] Unable to open config file: /config/core.conf because: [Errno 2] No such file or directory: '/config/core.conf'
01:40:23 [WARNING ][deluge.config                 :500 ] Unable to backup old config: [Errno 2] No such file or directory: '/config/core.conf'
01:40:23 [INFO    ][deluge.core.rpcserver         :402 ] Starting DelugeRPC server localhost:58846
01:40:23 [INFO    ][twisted                       :154 ] Factory (TLS) starting on 58846
01:40:23 [INFO    ][twisted                       :154 ] Starting factory <twisted.internet.protocol.Factory object at 0x7f00a3946630>
01:40:23 [INFO    ][deluge.core.daemon            :154 ] Deluge daemon starting...
01:40:23 [INFO    ][deluge.core.authmanager       :228 ] Opening auth for load: /config/auth
01:40:23 [INFO    ][deluge.core.authmanager       :236 ] Successfully loaded auth: /config/auth
01:40:23 [INFO    ][deluge.core.torrentmanager    :1609] on_alert_external_ip: 62.171.157.212
01:40:23 [INFO    ][deluge.core.torrentmanager    :806 ] Loading torrent state: /config/state/torrents.state
01:40:23 [INFO    ][deluge.core.torrentmanager    :806 ] Loading torrent state: /config/state/torrents.state.bak
01:40:23 [INFO    ][deluge.core.torrentmanager    :1066] Opening torrents.fastresume for load: /config/state/torrents.fastresume
01:40:23 [INFO    ][deluge.core.torrentmanager    :1066] Opening torrents.fastresume for load: /config/state/torrents.fastresume.bak
01:40:23 [INFO    ][deluge.core.torrentmanager    :1066] Opening torrents.fastresume for load: /config/torrents.fastresume
01:40:23 [INFO    ][deluge.core.torrentmanager    :885 ] Finished loading 0 torrents in 0:00:00.018545
01:43:11 [INFO    ][twisted                       :154 ] Received SIGTERM, shutting down.
01:43:11 [INFO    ][deluge.core.daemon            :176 ] Deluge daemon shutting down, waiting for components to shutdown...
01:43:11 [INFO    ][deluge.core.core              :307 ] Saving the session.state at: /config/session.state
01:43:11 [INFO    ][twisted                       :154 ] (TLS Port 58846 Closed)
01:43:11 [INFO    ][twisted                       :154 ] Stopping factory <twisted.internet.protocol.Factory object at 0x7f00a3946630>
01:43:11 [INFO    ][twisted                       :154 ] Main loop terminated.
01:43:11 [INFO    ][deluge.core.daemon            :168 ] Deluge daemon shutdown successfully
01:43:11 [INFO    ][deluge.core.daemon_entry      :137 ] Exiting...
